<?xml version="1.0" encoding="UTF-8"?>
<!-- Generated by org.testng.reporters.JUnitReportReporter -->
<testsuite hostname="DK" failures="0" tests="1" name="stringMethods.continueLargeSum" time="0.013" errors="0" timestamp="2025-01-07T10:14:58 IST" skipped="0">
  <testcase classname="stringMethods.continueLargeSum" name="test" time="0.013"/>
  <system-out/>
</testsuite> <!-- stringMethods.continueLargeSum -->
