<?xml version="1.0" encoding="UTF-8"?>
<!-- Generated by org.testng.reporters.JUnitReportReporter -->
<testsuite hostname="DK" failures="0" tests="1" name="mislineous.shiftZero" time="0.014" errors="0" timestamp="2025-03-29T14:59:32 IST" skipped="0">
  <testcase classname="mislineous.shiftZero" name="shiftLeft" time="0.014"/>
  <system-out/>
</testsuite> <!-- mislineous.shiftZero -->
