<?xml version="1.0" encoding="UTF-8"?>
<!-- Generated by org.testng.reporters.JUnitReportReporter -->
<testsuite hostname="DK" failures="0" tests="1" name="mislineous.BubbleSort" time="0.010" errors="0" timestamp="2025-03-29T16:38:49 IST" skipped="0">
  <testcase classname="mislineous.BubbleSort" name="sort" time="0.010"/>
  <system-out/>
</testsuite> <!-- mislineous.BubbleSort -->
